Determining if the pthread_create exist failed with the following output:
Change Dir: /home/srd/Desktop/Honors/RRC/Pose-Shape-Optimizer-Pipeline/ceres/CMakeFiles/CMakeTmp

Run Build Command:"/usr/bin/make" "cmTC_85899/fast"
/usr/bin/make -f CMakeFiles/cmTC_85899.dir/build.make CMakeFiles/cmTC_85899.dir/build
make[1]: Entering directory '/home/srd/Desktop/Honors/RRC/Pose-Shape-Optimizer-Pipeline/ceres/CMakeFiles/CMakeTmp'
Building C object CMakeFiles/cmTC_85899.dir/CheckSymbolExists.c.o
/usr/bin/cc    -o CMakeFiles/cmTC_85899.dir/CheckSymbolExists.c.o   -c /home/srd/Desktop/Honors/RRC/Pose-Shape-Optimizer-Pipeline/ceres/CMakeFiles/CMakeTmp/CheckSymbolExists.c
Linking C executable cmTC_85899
/usr/bin/cmake -E cmake_link_script CMakeFiles/cmTC_85899.dir/link.txt --verbose=1
/usr/bin/cc      -rdynamic CMakeFiles/cmTC_85899.dir/CheckSymbolExists.c.o  -o cmTC_85899 
CMakeFiles/cmTC_85899.dir/CheckSymbolExists.c.o: In function `main':
CheckSymbolExists.c:(.text+0x1b): undefined reference to `pthread_create'
collect2: error: ld returned 1 exit status
CMakeFiles/cmTC_85899.dir/build.make:97: recipe for target 'cmTC_85899' failed
make[1]: *** [cmTC_85899] Error 1
make[1]: Leaving directory '/home/srd/Desktop/Honors/RRC/Pose-Shape-Optimizer-Pipeline/ceres/CMakeFiles/CMakeTmp'
Makefile:126: recipe for target 'cmTC_85899/fast' failed
make: *** [cmTC_85899/fast] Error 2

File /home/srd/Desktop/Honors/RRC/Pose-Shape-Optimizer-Pipeline/ceres/CMakeFiles/CMakeTmp/CheckSymbolExists.c:
/* */
#include <pthread.h>

int main(int argc, char** argv)
{
  (void)argv;
#ifndef pthread_create
  return ((int*)(&pthread_create))[argc];
#else
  (void)argc;
  return 0;
#endif
}

Determining if the function pthread_create exists in the pthreads failed with the following output:
Change Dir: /home/srd/Desktop/Honors/RRC/Pose-Shape-Optimizer-Pipeline/ceres/CMakeFiles/CMakeTmp

Run Build Command:"/usr/bin/make" "cmTC_13e40/fast"
/usr/bin/make -f CMakeFiles/cmTC_13e40.dir/build.make CMakeFiles/cmTC_13e40.dir/build
make[1]: Entering directory '/home/srd/Desktop/Honors/RRC/Pose-Shape-Optimizer-Pipeline/ceres/CMakeFiles/CMakeTmp'
Building C object CMakeFiles/cmTC_13e40.dir/CheckFunctionExists.c.o
/usr/bin/cc   -DCHECK_FUNCTION_EXISTS=pthread_create   -o CMakeFiles/cmTC_13e40.dir/CheckFunctionExists.c.o   -c /usr/share/cmake-3.10/Modules/CheckFunctionExists.c
Linking C executable cmTC_13e40
/usr/bin/cmake -E cmake_link_script CMakeFiles/cmTC_13e40.dir/link.txt --verbose=1
/usr/bin/cc  -DCHECK_FUNCTION_EXISTS=pthread_create    -rdynamic CMakeFiles/cmTC_13e40.dir/CheckFunctionExists.c.o  -o cmTC_13e40 -lpthreads 
/usr/bin/ld: cannot find -lpthreads
collect2: error: ld returned 1 exit status
CMakeFiles/cmTC_13e40.dir/build.make:97: recipe for target 'cmTC_13e40' failed
make[1]: *** [cmTC_13e40] Error 1
make[1]: Leaving directory '/home/srd/Desktop/Honors/RRC/Pose-Shape-Optimizer-Pipeline/ceres/CMakeFiles/CMakeTmp'
Makefile:126: recipe for target 'cmTC_13e40/fast' failed
make: *** [cmTC_13e40/fast] Error 2


